Build started 1/28/2013 8:59:42 PM.
     1>Project "C:\Users\Administrator\Documents\Visual Studio 2010\Projects\HVA_2013_ImageProcessingJohn'sVersion\HVA_2013_ImageProcessing.vcxproj" on node 2 (build target(s)).
     1>InitializeBuildStatus:
         Creating "Debug\HVA_2013_ImageProcessing.unsuccessfulbuild" because "AlwaysCreate" was specified.
       ClCompile:
         C:\Program Files (x86)\Microsoft Visual Studio 10.0\VC\bin\CL.exe /c /IC:\openCV243\build\include /ZI /nologo /W3 /WX- /Od /Oy- /D WIN32 /D _DEBUG /D _CONSOLE /D _UNICODE /D UNICODE /Gm /EHsc /RTC1 /MDd /GS /fp:precise /Zc:wchar_t /Zc:forScope /Fo"Debug\\" /Fd"Debug\vc100.pdb" /Gd /TP /analyze- /errorReport:prompt HVA_2013_ImageProcessing.cpp
         HVA_2013_ImageProcessing.cpp
     1>c:\users\administrator\documents\visual studio 2010\projects\hva_2013_imageprocessingjohn'sversion\hva_2013_imageprocessing.cpp(85): warning C4018: '<' : signed/unsigned mismatch
     1>c:\users\administrator\documents\visual studio 2010\projects\hva_2013_imageprocessingjohn'sversion\hva_2013_imageprocessing.cpp(94): warning C4018: '<' : signed/unsigned mismatch
     1>c:\users\administrator\documents\visual studio 2010\projects\hva_2013_imageprocessingjohn'sversion\hva_2013_imageprocessing.cpp(102): warning C4244: 'argument' : conversion from 'float' to 'int', possible loss of data
     1>c:\users\administrator\documents\visual studio 2010\projects\hva_2013_imageprocessingjohn'sversion\hva_2013_imageprocessing.cpp(102): warning C4244: 'argument' : conversion from 'float' to 'int', possible loss of data
       ManifestResourceCompile:
         All outputs are up-to-date.
       Link:
         C:\Program Files (x86)\Microsoft Visual Studio 10.0\VC\bin\link.exe /ERRORREPORT:PROMPT /OUT:"C:\Users\Administrator\Documents\Visual Studio 2010\Projects\HVA_2013_ImageProcessingJohn'sVersion\Debug\HVA_2013_ImageProcessing.exe" /INCREMENTAL /NOLOGO /LIBPATH:C:\openCV243\build\x86\vc10\lib opencv_calib3d243d.lib opencv_contrib243d.lib opencv_core243d.lib opencv_features2d243d.lib opencv_flann243d.lib opencv_gpu243d.lib opencv_haartraining_engined.lib opencv_highgui243d.lib opencv_imgproc243d.lib opencv_legacy243d.lib opencv_ml243d.lib opencv_nonfree243d.lib opencv_objdetect243d.lib opencv_photo243d.lib opencv_stitching243d.lib opencv_ts243d.lib opencv_video243d.lib opencv_videostab243d.lib kernel32.lib user32.lib gdi32.lib winspool.lib comdlg32.lib advapi32.lib shell32.lib ole32.lib oleaut32.lib uuid.lib odbc32.lib odbccp32.lib /MANIFEST /ManifestFile:"Debug\HVA_2013_ImageProcessing.exe.intermediate.manifest" /MANIFESTUAC:"level='asInvoker' uiAccess='false'" /DEBUG /PDB:"C:\Users\Administrator\Documents\Visual Studio 2010\Projects\HVA_2013_ImageProcessingJohn'sVersion\Debug\HVA_2013_ImageProcessing.pdb" /SUBSYSTEM:CONSOLE /TLBID:1 /DYNAMICBASE /NXCOMPAT /IMPLIB:"C:\Users\Administrator\Documents\Visual Studio 2010\Projects\HVA_2013_ImageProcessingJohn'sVersion\Debug\HVA_2013_ImageProcessing.lib" /MACHINE:X86 Debug\HVA_2013_ImageProcessing.exe.embed.manifest.res
         Debug\HVA_2013_ImageProcessing.obj
         Debug\stdafx.obj
       Manifest:
         C:\Program Files (x86)\Microsoft SDKs\Windows\v7.0A\bin\mt.exe /nologo /verbose /out:"Debug\HVA_2013_ImageProcessing.exe.embed.manifest" /manifest Debug\HVA_2013_ImageProcessing.exe.intermediate.manifest
         All outputs are up-to-date.
       LinkEmbedManifest:
         All outputs are up-to-date.
         HVA_2013_ImageProcessing.vcxproj -> C:\Users\Administrator\Documents\Visual Studio 2010\Projects\HVA_2013_ImageProcessingJohn'sVersion\Debug\HVA_2013_ImageProcessing.exe
       FinalizeBuildStatus:
         Deleting file "Debug\HVA_2013_ImageProcessing.unsuccessfulbuild".
         Touching "Debug\HVA_2013_ImageProcessing.lastbuildstate".
     1>Done Building Project "C:\Users\Administrator\Documents\Visual Studio 2010\Projects\HVA_2013_ImageProcessingJohn'sVersion\HVA_2013_ImageProcessing.vcxproj" (build target(s)).

Build succeeded.

Time Elapsed 00:00:01.68
